<?xml version="1.0" encoding="UTF-8"?>
<!-- Generated by org.testng.reporters.JUnitXMLReporter -->
<testsuite ignored="0" hostname="DESKTOP-8033BL1" failures="3" tests="5" name="sanity" time="2.196" errors="0" timestamp="2023-01-05T11:01:22 IST">
  <testcase classname="API.petStore.CreatePetTests" name="createPetWithUnsupportedMediaType" time="1.463"/>
  <testcase classname="API.petStore.CreatePetTests" name="createPetWithEmptyObject" time="1.477">
    <failure type="java.lang.AssertionError" message="expected [400] but found [200]">
      <![CDATA[java.lang.AssertionError: expected [400] but found [200]
at API.petStore.CreatePetTests.createPetWithEmptyObject(CreatePetTests.java:118)
at java.base/java.util.concurrent.ThreadPoolExecutor.runWorker(ThreadPoolExecutor.java:1136)
at java.base/java.util.concurrent.ThreadPoolExecutor$Worker.run(ThreadPoolExecutor.java:635)
at java.base/java.lang.Thread.run(Thread.java:833)
... Removed 18 stack frames]]>
    </failure>
  </testcase> <!-- createPetWithEmptyObject -->
  <testcase classname="API.petStore.CreatePetTests" name="createPetWithoutID" time="1.477">
    <failure type="java.lang.AssertionError" message="expected [400] but found [200]">
      <![CDATA[java.lang.AssertionError: expected [400] but found [200]
at API.petStore.CreatePetTests.createPetWithoutID(CreatePetTests.java:70)
at java.base/java.util.concurrent.ThreadPoolExecutor.runWorker(ThreadPoolExecutor.java:1136)
at java.base/java.util.concurrent.ThreadPoolExecutor$Worker.run(ThreadPoolExecutor.java:635)
at java.base/java.lang.Thread.run(Thread.java:833)
... Removed 18 stack frames]]>
    </failure>
  </testcase> <!-- createPetWithoutID -->
  <testcase classname="API.petStore.CreatePetTests" name="createPetWithDuplicateID" time="2.04">
    <failure type="java.lang.AssertionError" message="expected [409] but found [200]">
      <![CDATA[java.lang.AssertionError: expected [409] but found [200]
at API.petStore.CreatePetTests.createPetWithDuplicateID(CreatePetTests.java:98)
at java.base/java.util.concurrent.ThreadPoolExecutor.runWorker(ThreadPoolExecutor.java:1136)
at java.base/java.util.concurrent.ThreadPoolExecutor$Worker.run(ThreadPoolExecutor.java:635)
at java.base/java.lang.Thread.run(Thread.java:833)
... Removed 18 stack frames]]>
    </failure>
  </testcase> <!-- createPetWithDuplicateID -->
  <testcase classname="API.petStore.CreatePetTests" name="createPet" time="2.126"/>
</testsuite> <!-- sanity -->
