<?xml version="1.0" encoding="UTF-8"?>
<!-- Generated by org.testng.reporters.JUnitXMLReporter -->
<testsuite ignored="4" hostname="DESKTOP-8033BL1" failures="0" tests="1" name="Default test" time="1.487" errors="0" timestamp="2023-01-09T12:43:22 IST">
  <testcase classname="absproj.screenshot.api.ScreenshotTests" name="invalidApiKeyTest" time="1.427"/>
  <testcase classname="absproj.screenshot.api.ScreenshotTests" name="validnTest" time="0.0">
    <ignored/>
  </testcase> <!-- validnTest -->
  <testcase classname="absproj.screenshot.api.ScreenshotTests" name="invalidUrlTest" time="0.0">
    <ignored/>
  </testcase> <!-- invalidUrlTest -->
  <testcase classname="absproj.screenshot.api.ScreenshotTests" name="emptyUrlTest" time="0.0">
    <ignored/>
  </testcase> <!-- emptyUrlTest -->
  <testcase classname="absproj.screenshot.api.ScreenshotTests" name="pageErrorTest" time="0.0">
    <ignored/>
  </testcase> <!-- pageErrorTest -->
</testsuite> <!-- Default test -->
