<?xml version="1.0" encoding="UTF-8"?>
<testng-results ignored="4" total="5" passed="1" failed="0" skipped="0">
  <reporter-output>
  </reporter-output>
  <suite started-at="2023-01-09T12:43:20 IST" name="Default suite" finished-at="2023-01-09T12:43:22 IST" duration-ms="1487">
    <groups>
    </groups>
    <test started-at="2023-01-09T12:43:20 IST" name="Default test" finished-at="2023-01-09T12:43:22 IST" duration-ms="1487">
      <class name="absproj.screenshot.api.ScreenshotTests">
        <test-method signature="invalidApiKeyTest()[pri:0, instance:absproj.screenshot.api.ScreenshotTests@89c10b7]" started-at="2023-01-09T12:43:20 IST" name="invalidApiKeyTest" finished-at="2023-01-09T12:43:22 IST" duration-ms="1427" status="PASS">
          <reporter-output>
          </reporter-output>
        </test-method> <!-- invalidApiKeyTest -->
      </class> <!-- absproj.screenshot.api.ScreenshotTests -->
    </test> <!-- Default test -->
  </suite> <!-- Default suite -->
</testng-results>
